[05/Mar 21:36:00.442] (TypeError) error: Cannot create property 'updatedAt' on string 'Norton' TypeError: Cannot create property 'updatedAt' on string 'Norton'
    at $__applyDefaults (/home/norton/Projetos/meluto/meluto-backend/node_modules/mongoose/lib/document.js:523:25)
    at model.Document.$__init (/home/norton/Projetos/meluto/meluto-backend/node_modules/mongoose/lib/document.js:751:3)
    at model.syncWrapper [as $__init] (/home/norton/Projetos/meluto/meluto-backend/node_modules/kareem/index.js:235:23)
    at model.Document.init (/home/norton/Projetos/meluto/meluto-backend/node_modules/mongoose/lib/document.js:698:8)
    at model.Document.$init (/home/norton/Projetos/meluto/meluto-backend/node_modules/mongoose/lib/document.js:708:42)
    at completeOne (/home/norton/Projetos/meluto/meluto-backend/node_modules/mongoose/lib/query.js:3182:12)
    at model.Query.Query._completeOne (/home/norton/Projetos/meluto/meluto-backend/node_modules/mongoose/lib/query.js:2391:7)
    at cb (/home/norton/Projetos/meluto/meluto-backend/node_modules/mongoose/lib/query.js:3898:11)
    at /home/norton/Projetos/meluto/meluto-backend/node_modules/mongoose/lib/query.js:3936:14
    at /home/norton/Projetos/meluto/meluto-backend/node_modules/mongoose/lib/query.js:4732:12
[05/Mar 21:36:56.382] (TypeError) error: Cannot create property 'updatedAt' on string 'Norton' TypeError: Cannot create property 'updatedAt' on string 'Norton'
    at $__applyDefaults (/home/norton/Projetos/meluto/meluto-backend/node_modules/mongoose/lib/document.js:523:25)
    at model.Document.$__init (/home/norton/Projetos/meluto/meluto-backend/node_modules/mongoose/lib/document.js:751:3)
    at model.syncWrapper [as $__init] (/home/norton/Projetos/meluto/meluto-backend/node_modules/kareem/index.js:235:23)
    at model.Document.init (/home/norton/Projetos/meluto/meluto-backend/node_modules/mongoose/lib/document.js:698:8)
    at model.Document.$init (/home/norton/Projetos/meluto/meluto-backend/node_modules/mongoose/lib/document.js:708:42)
    at completeOne (/home/norton/Projetos/meluto/meluto-backend/node_modules/mongoose/lib/query.js:3182:12)
    at model.Query.Query._completeOne (/home/norton/Projetos/meluto/meluto-backend/node_modules/mongoose/lib/query.js:2391:7)
    at cb (/home/norton/Projetos/meluto/meluto-backend/node_modules/mongoose/lib/query.js:3898:11)
    at /home/norton/Projetos/meluto/meluto-backend/node_modules/mongoose/lib/query.js:3936:14
    at /home/norton/Projetos/meluto/meluto-backend/node_modules/mongoose/lib/query.js:4732:12
[05/Mar 23:37:36.256] (MongoServerError) error: E11000 duplicate key error collection: melutoDatabaseDev.users index: username.value_1 dup key: { username.value: null } MongoServerError: E11000 duplicate key error collection: melutoDatabaseDev.users index: username.value_1 dup key: { username.value: null }
    at /home/norton/Projetos/meluto/meluto-backend/node_modules/mongodb/src/operations/insert.ts:75:25
    at /home/norton/Projetos/meluto/meluto-backend/node_modules/mongodb/src/cmap/connection_pool.ts:482:13
    at handleOperationResult (/home/norton/Projetos/meluto/meluto-backend/node_modules/mongodb/src/sdam/server.ts:610:5)
    at MessageStream.messageHandler (/home/norton/Projetos/meluto/meluto-backend/node_modules/mongodb/src/cmap/connection.ts:765:5)
    at MessageStream.emit (node:events:520:28)
    at MessageStream.emit (node:domain:475:12)
    at processIncomingData (/home/norton/Projetos/meluto/meluto-backend/node_modules/mongodb/src/cmap/message_stream.ts:168:12)
    at MessageStream._write (/home/norton/Projetos/meluto/meluto-backend/node_modules/mongodb/src/cmap/message_stream.ts:65:5)
    at writeOrBuffer (node:internal/streams/writable:389:12)
    at _write (node:internal/streams/writable:330:10)
[05/Mar 23:39:27.039] (MongoServerError) error: E11000 duplicate key error collection: melutoDatabaseDev.users index: username.value_1 dup key: { username.value: null } MongoServerError: E11000 duplicate key error collection: melutoDatabaseDev.users index: username.value_1 dup key: { username.value: null }
    at /home/norton/Projetos/meluto/meluto-backend/node_modules/mongodb/src/operations/insert.ts:75:25
    at /home/norton/Projetos/meluto/meluto-backend/node_modules/mongodb/src/cmap/connection_pool.ts:482:13
    at handleOperationResult (/home/norton/Projetos/meluto/meluto-backend/node_modules/mongodb/src/sdam/server.ts:610:5)
    at MessageStream.messageHandler (/home/norton/Projetos/meluto/meluto-backend/node_modules/mongodb/src/cmap/connection.ts:765:5)
    at MessageStream.emit (node:events:520:28)
    at MessageStream.emit (node:domain:475:12)
    at processIncomingData (/home/norton/Projetos/meluto/meluto-backend/node_modules/mongodb/src/cmap/message_stream.ts:168:12)
    at MessageStream._write (/home/norton/Projetos/meluto/meluto-backend/node_modules/mongodb/src/cmap/message_stream.ts:65:5)
    at writeOrBuffer (node:internal/streams/writable:389:12)
    at _write (node:internal/streams/writable:330:10)
[05/Mar 23:44:20.028] (CastError) error: Cast to Embedded failed for value "123" (type string) at path "username" for model "User" CastError: Cast to Embedded failed for value "123" (type string) at path "username" for model "User"
    at model.Query.exec (/home/norton/Projetos/meluto/meluto-backend/node_modules/mongoose/lib/query.js:4650:21)
    at model.Query.Query.then (/home/norton/Projetos/meluto/meluto-backend/node_modules/mongoose/lib/query.js:4749:15)
    at processTicksAndRejections (node:internal/process/task_queues:96:5)
[05/Mar 23:45:50.897] (CastError) error: Cast to Embedded failed for value "123" (type string) at path "username" for model "User" CastError: Cast to Embedded failed for value "123" (type string) at path "username" for model "User"
    at model.Query.exec (/home/norton/Projetos/meluto/meluto-backend/node_modules/mongoose/lib/query.js:4650:21)
    at model.Query.Query.then (/home/norton/Projetos/meluto/meluto-backend/node_modules/mongoose/lib/query.js:4749:15)
    at processTicksAndRejections (node:internal/process/task_queues:96:5)
[05/Mar 23:46:31.510] (CastError) error: Cast to Embedded failed for value "123" (type string) at path "username" for model "User" CastError: Cast to Embedded failed for value "123" (type string) at path "username" for model "User"
    at model.Query.exec (/home/norton/Projetos/meluto/meluto-backend/node_modules/mongoose/lib/query.js:4650:21)
    at model.Query.Query.then (/home/norton/Projetos/meluto/meluto-backend/node_modules/mongoose/lib/query.js:4749:15)
    at processTicksAndRejections (node:internal/process/task_queues:96:5)
[06/Mar 02:29:53.367] (Error) error: Email is invalid Error: Email is invalid
    at validateEmail (/home/norton/Projetos/meluto/meluto-backend/src/utils/forms/user/userEdit.ts:23:11)
    at /home/norton/Projetos/meluto/meluto-backend/src/controllers/users.ts:90:20
    at Generator.next (<anonymous>)
    at fulfilled (/home/norton/Projetos/meluto/meluto-backend/src/controllers/users.ts:5:58)
    at processTicksAndRejections (node:internal/process/task_queues:96:5)
[06/Mar 02:37:37.360] (Error) error: Email error Error: Email error
    at validateEmail (/home/norton/Projetos/meluto/meluto-backend/src/utils/forms/user/userEdit.ts:23:11)
    at /home/norton/Projetos/meluto/meluto-backend/src/controllers/users.ts:90:20
    at Generator.next (<anonymous>)
    at fulfilled (/home/norton/Projetos/meluto/meluto-backend/src/controllers/users.ts:5:58)
    at processTicksAndRejections (node:internal/process/task_queues:96:5)
[06/Mar 02:38:30.847] (Error) error: Email error Error: Email error
    at validateEmail (/home/norton/Projetos/meluto/meluto-backend/src/utils/forms/user/userEdit.ts:23:11)
    at /home/norton/Projetos/meluto/meluto-backend/src/controllers/users.ts:90:20
    at Generator.next (<anonymous>)
    at fulfilled (/home/norton/Projetos/meluto/meluto-backend/src/controllers/users.ts:5:58)
    at processTicksAndRejections (node:internal/process/task_queues:96:5)
[06/Mar 02:40:40.636] (Error) error: Email error Error: Email error
    at validateEmail (/home/norton/Projetos/meluto/meluto-backend/src/utils/forms/user/userEdit.ts:23:11)
    at /home/norton/Projetos/meluto/meluto-backend/src/controllers/users.ts:90:20
    at Generator.next (<anonymous>)
    at fulfilled (/home/norton/Projetos/meluto/meluto-backend/src/controllers/users.ts:5:58)
    at processTicksAndRejections (node:internal/process/task_queues:96:5)
[06/Mar 02:46:22.794] (ValidationError) error: email must be string ValidationError: email must be string
    at validateEmail (/home/norton/Projetos/meluto/meluto-backend/src/utils/forms/user/userEdit.ts:26:15)
    at /home/norton/Projetos/meluto/meluto-backend/src/controllers/users.ts:90:20
    at Generator.next (<anonymous>)
    at fulfilled (/home/norton/Projetos/meluto/meluto-backend/src/controllers/users.ts:5:58)
    at processTicksAndRejections (node:internal/process/task_queues:96:5)
[06/Mar 02:48:03.153] (ValidationError) error: email must be string ValidationError: email must be string
    at validateEmail (/home/norton/Projetos/meluto/meluto-backend/src/utils/forms/user/userEdit.ts:26:15)
    at /home/norton/Projetos/meluto/meluto-backend/src/controllers/users.ts:90:20
    at Generator.next (<anonymous>)
    at fulfilled (/home/norton/Projetos/meluto/meluto-backend/src/controllers/users.ts:5:58)
    at processTicksAndRejections (node:internal/process/task_queues:96:5)
[06/Mar 02:52:49.871] (undefined) error: [object Object] undefined
[06/Mar 15:10:04.363] (ValidationErrorY}) error: /email: must be string 
[06/Mar 15:23:53.583] (ValidationErrorType) error: must be string /email
[00/Mar 00:20:42.897] (Validation Error) error: (format) must match format "email" /email
[00/Mar 00:20:44.419] (Validation Error) error: (format) must match format "email" /email
[00/Mar 00:56:43.291] (SyntaxError) error: Unexpected token } in JSON at position 29 SyntaxError: Unexpected token } in JSON at position 29
    at JSON.parse (<anonymous>)
    at parse (/home/norton/Projetos/meluto/meluto-backend/node_modules/body-parser/lib/types/json.js:89:19)
    at /home/norton/Projetos/meluto/meluto-backend/node_modules/body-parser/lib/read.js:121:18
    at invokeCallback (/home/norton/Projetos/meluto/meluto-backend/node_modules/raw-body/index.js:224:16)
    at done (/home/norton/Projetos/meluto/meluto-backend/node_modules/raw-body/index.js:213:7)
    at IncomingMessage.onEnd (/home/norton/Projetos/meluto/meluto-backend/node_modules/raw-body/index.js:273:7)
    at IncomingMessage.emit (node:events:532:35)
    at IncomingMessage.emit (node:domain:475:12)
    at endReadableNT (node:internal/streams/readable:1346:12)
    at processTicksAndRejections (node:internal/process/task_queues:83:21)
[00/Mar 00:57:46.889] (SyntaxError) error: Unexpected token } in JSON at position 30 SyntaxError: Unexpected token } in JSON at position 30
    at JSON.parse (<anonymous>)
    at parse (/home/norton/Projetos/meluto/meluto-backend/node_modules/body-parser/lib/types/json.js:89:19)
    at /home/norton/Projetos/meluto/meluto-backend/node_modules/body-parser/lib/read.js:121:18
    at invokeCallback (/home/norton/Projetos/meluto/meluto-backend/node_modules/raw-body/index.js:224:16)
    at done (/home/norton/Projetos/meluto/meluto-backend/node_modules/raw-body/index.js:213:7)
    at IncomingMessage.onEnd (/home/norton/Projetos/meluto/meluto-backend/node_modules/raw-body/index.js:273:7)
    at IncomingMessage.emit (node:events:532:35)
    at IncomingMessage.emit (node:domain:475:12)
    at endReadableNT (node:internal/streams/readable:1346:12)
    at processTicksAndRejections (node:internal/process/task_queues:83:21)
[00/Mar 00:58:08.604] (SyntaxError) error: Unexpected token } in JSON at position 30 SyntaxError: Unexpected token } in JSON at position 30
    at JSON.parse (<anonymous>)
    at parse (/home/norton/Projetos/meluto/meluto-backend/node_modules/body-parser/lib/types/json.js:89:19)
    at /home/norton/Projetos/meluto/meluto-backend/node_modules/body-parser/lib/read.js:121:18
    at invokeCallback (/home/norton/Projetos/meluto/meluto-backend/node_modules/raw-body/index.js:224:16)
    at done (/home/norton/Projetos/meluto/meluto-backend/node_modules/raw-body/index.js:213:7)
    at IncomingMessage.onEnd (/home/norton/Projetos/meluto/meluto-backend/node_modules/raw-body/index.js:273:7)
    at IncomingMessage.emit (node:events:532:35)
    at IncomingMessage.emit (node:domain:475:12)
    at endReadableNT (node:internal/streams/readable:1346:12)
    at processTicksAndRejections (node:internal/process/task_queues:83:21)
[00/Mar 02:39:21.619] (CastError) error: Cast to string failed for value "Promise { <pending> }" (type Promise) at path "value" CastError: Cast to string failed for value "Promise { <pending> }" (type Promise) at path "value"
    at model.Query.exec (/home/norton/Projetos/meluto/meluto-backend/node_modules/mongoose/lib/query.js:4650:21)
    at model.Query.Query.then (/home/norton/Projetos/meluto/meluto-backend/node_modules/mongoose/lib/query.js:4749:15)
[00/Mar 02:40:15.480] (CastError) error: Cast to string failed for value "Promise { <pending> }" (type Promise) at path "value" CastError: Cast to string failed for value "Promise { <pending> }" (type Promise) at path "value"
    at model.Query.exec (/home/norton/Projetos/meluto/meluto-backend/node_modules/mongoose/lib/query.js:4650:21)
    at model.Query.Query.then (/home/norton/Projetos/meluto/meluto-backend/node_modules/mongoose/lib/query.js:4749:15)
[00/Mar 15:59:55.422] (ValidationError) error: (minLength) must NOT have fewer than 8 characters /password
[00/Mar 22:13:12.473] (CastError) error: Cast to Embedded failed for value "norton92" (type string) at path "username" for model "User" CastError: Cast to Embedded failed for value "norton92" (type string) at path "username" for model "User"
    at model.Query.exec (/home/norton/Projetos/meluto/meluto-backend/node_modules/mongoose/lib/query.js:4650:21)
    at model.Query.Query.then (/home/norton/Projetos/meluto/meluto-backend/node_modules/mongoose/lib/query.js:4749:15)
    at processTicksAndRejections (node:internal/process/task_queues:96:5)
[00/Mar 22:15:02.758] (CastError) error: Cast to Embedded failed for value "norton92" (type string) at path "username" for model "User" CastError: Cast to Embedded failed for value "norton92" (type string) at path "username" for model "User"
    at model.Query.exec (/home/norton/Projetos/meluto/meluto-backend/node_modules/mongoose/lib/query.js:4650:21)
    at model.Query.Query.then (/home/norton/Projetos/meluto/meluto-backend/node_modules/mongoose/lib/query.js:4749:15)
    at processTicksAndRejections (node:internal/process/task_queues:96:5)
[02/Apr 17:02:32.954] (CastError) error: Cast to Embedded failed for value "aVTU4Z62IPOF3" (type string) at path "username" for model "User" CastError: Cast to Embedded failed for value "aVTU4Z62IPOF3" (type string) at path "username" for model "User"
    at model.Query.exec (/home/norton/Projetos/meluto/meluto-backend/node_modules/mongoose/lib/query.js:4650:21)
    at model.Query.Query.then (/home/norton/Projetos/meluto/meluto-backend/node_modules/mongoose/lib/query.js:4749:15)
    at processTicksAndRejections (node:internal/process/task_queues:96:5)
[02/Apr 17:03:33.510] (CastError) error: Cast to Embedded failed for value "aVTU4Z62IPOF3" (type string) at path "username" for model "User" CastError: Cast to Embedded failed for value "aVTU4Z62IPOF3" (type string) at path "username" for model "User"
    at model.Query.exec (/home/norton/Projetos/meluto/meluto-backend/node_modules/mongoose/lib/query.js:4650:21)
    at model.Query.Query.then (/home/norton/Projetos/meluto/meluto-backend/node_modules/mongoose/lib/query.js:4749:15)
    at processTicksAndRejections (node:internal/process/task_queues:96:5)
[02/Apr 17:05:51.982] (CastError) error: Cast to Embedded failed for value "asd" (type string) at path "username" for model "User" CastError: Cast to Embedded failed for value "asd" (type string) at path "username" for model "User"
    at model.Query.exec (/home/norton/Projetos/meluto/meluto-backend/node_modules/mongoose/lib/query.js:4650:21)
    at model.Query.Query.then (/home/norton/Projetos/meluto/meluto-backend/node_modules/mongoose/lib/query.js:4749:15)
    at processTicksAndRejections (node:internal/process/task_queues:96:5)
[02/Apr 17:07:07.649] (CastError) error: Cast to Embedded failed for value "asd" (type string) at path "username" for model "User" CastError: Cast to Embedded failed for value "asd" (type string) at path "username" for model "User"
    at model.Query.exec (/home/norton/Projetos/meluto/meluto-backend/node_modules/mongoose/lib/query.js:4650:21)
    at model.Query.Query.then (/home/norton/Projetos/meluto/meluto-backend/node_modules/mongoose/lib/query.js:4749:15)
    at processTicksAndRejections (node:internal/process/task_queues:96:5)
[01/May 17:11:49.127] (TypeError) error: Cannot read properties of undefined (reading 'value') TypeError: Cannot read properties of undefined (reading 'value')
    at /home/norton/Projetos/meluto/meluto-backend/src/middlewares/auth.ts:190:44
    at Generator.next (<anonymous>)
    at /home/norton/Projetos/meluto/meluto-backend/src/middlewares/auth.ts:8:71
    at new Promise (<anonymous>)
    at __awaiter (/home/norton/Projetos/meluto/meluto-backend/src/middlewares/auth.ts:4:12)
    at passwordRequired (/home/norton/Projetos/meluto/meluto-backend/src/middlewares/auth.ts:187:74)
    at Layer.handle [as handle_request] (/home/norton/Projetos/meluto/meluto-backend/node_modules/express/lib/router/layer.js:95:5)
    at next (/home/norton/Projetos/meluto/meluto-backend/node_modules/express/lib/router/route.js:137:13)
    at /home/norton/Projetos/meluto/meluto-backend/src/middlewares/auth.ts:174:16
    at Generator.next (<anonymous>)
[01/May 17:13:00.560] (TypeError) error: Cannot read properties of undefined (reading 'value') TypeError: Cannot read properties of undefined (reading 'value')
    at /home/norton/Projetos/meluto/meluto-backend/src/middlewares/auth.ts:190:44
    at Generator.next (<anonymous>)
    at /home/norton/Projetos/meluto/meluto-backend/src/middlewares/auth.ts:8:71
    at new Promise (<anonymous>)
    at __awaiter (/home/norton/Projetos/meluto/meluto-backend/src/middlewares/auth.ts:4:12)
    at passwordRequired (/home/norton/Projetos/meluto/meluto-backend/src/middlewares/auth.ts:187:74)
    at Layer.handle [as handle_request] (/home/norton/Projetos/meluto/meluto-backend/node_modules/express/lib/router/layer.js:95:5)
    at next (/home/norton/Projetos/meluto/meluto-backend/node_modules/express/lib/router/route.js:137:13)
    at /home/norton/Projetos/meluto/meluto-backend/src/middlewares/auth.ts:174:16
    at Generator.next (<anonymous>)
[01/May 17:13:19.779] (TypeError) error: Cannot read properties of undefined (reading 'value') TypeError: Cannot read properties of undefined (reading 'value')
    at /home/norton/Projetos/meluto/meluto-backend/src/middlewares/auth.ts:190:44
    at Generator.next (<anonymous>)
    at /home/norton/Projetos/meluto/meluto-backend/src/middlewares/auth.ts:8:71
    at new Promise (<anonymous>)
    at __awaiter (/home/norton/Projetos/meluto/meluto-backend/src/middlewares/auth.ts:4:12)
    at passwordRequired (/home/norton/Projetos/meluto/meluto-backend/src/middlewares/auth.ts:187:74)
    at Layer.handle [as handle_request] (/home/norton/Projetos/meluto/meluto-backend/node_modules/express/lib/router/layer.js:95:5)
    at next (/home/norton/Projetos/meluto/meluto-backend/node_modules/express/lib/router/route.js:137:13)
    at /home/norton/Projetos/meluto/meluto-backend/src/middlewares/auth.ts:174:16
    at Generator.next (<anonymous>)
[01/May 17:15:16.298] (TypeError) error: Cannot read properties of undefined (reading 'value') TypeError: Cannot read properties of undefined (reading 'value')
    at /home/norton/Projetos/meluto/meluto-backend/src/middlewares/auth.ts:190:44
    at Generator.next (<anonymous>)
    at /home/norton/Projetos/meluto/meluto-backend/src/middlewares/auth.ts:8:71
    at new Promise (<anonymous>)
    at __awaiter (/home/norton/Projetos/meluto/meluto-backend/src/middlewares/auth.ts:4:12)
    at passwordRequired (/home/norton/Projetos/meluto/meluto-backend/src/middlewares/auth.ts:187:74)
    at Layer.handle [as handle_request] (/home/norton/Projetos/meluto/meluto-backend/node_modules/express/lib/router/layer.js:95:5)
    at next (/home/norton/Projetos/meluto/meluto-backend/node_modules/express/lib/router/route.js:137:13)
    at /home/norton/Projetos/meluto/meluto-backend/src/middlewares/auth.ts:174:16
    at Generator.next (<anonymous>)
[01/May 17:15:39.127] (TypeError) error: Cannot read properties of undefined (reading 'value') TypeError: Cannot read properties of undefined (reading 'value')
    at /home/norton/Projetos/meluto/meluto-backend/src/middlewares/auth.ts:190:44
    at Generator.next (<anonymous>)
    at /home/norton/Projetos/meluto/meluto-backend/src/middlewares/auth.ts:8:71
    at new Promise (<anonymous>)
    at __awaiter (/home/norton/Projetos/meluto/meluto-backend/src/middlewares/auth.ts:4:12)
    at passwordRequired (/home/norton/Projetos/meluto/meluto-backend/src/middlewares/auth.ts:187:74)
    at Layer.handle [as handle_request] (/home/norton/Projetos/meluto/meluto-backend/node_modules/express/lib/router/layer.js:95:5)
    at next (/home/norton/Projetos/meluto/meluto-backend/node_modules/express/lib/router/route.js:137:13)
    at /home/norton/Projetos/meluto/meluto-backend/src/middlewares/auth.ts:174:16
    at Generator.next (<anonymous>)
[01/May 17:16:05.368] (TypeError) error: Cannot read properties of undefined (reading 'value') TypeError: Cannot read properties of undefined (reading 'value')
    at /home/norton/Projetos/meluto/meluto-backend/src/middlewares/auth.ts:190:44
    at Generator.next (<anonymous>)
    at /home/norton/Projetos/meluto/meluto-backend/src/middlewares/auth.ts:8:71
    at new Promise (<anonymous>)
    at __awaiter (/home/norton/Projetos/meluto/meluto-backend/src/middlewares/auth.ts:4:12)
    at passwordRequired (/home/norton/Projetos/meluto/meluto-backend/src/middlewares/auth.ts:187:74)
    at Layer.handle [as handle_request] (/home/norton/Projetos/meluto/meluto-backend/node_modules/express/lib/router/layer.js:95:5)
    at next (/home/norton/Projetos/meluto/meluto-backend/node_modules/express/lib/router/route.js:137:13)
    at /home/norton/Projetos/meluto/meluto-backend/src/middlewares/auth.ts:174:16
    at Generator.next (<anonymous>)
[01/May 17:17:18.672] (TypeError) error: Cannot read properties of undefined (reading 'value') TypeError: Cannot read properties of undefined (reading 'value')
    at /home/norton/Projetos/meluto/meluto-backend/src/middlewares/auth.ts:190:44
    at Generator.next (<anonymous>)
    at /home/norton/Projetos/meluto/meluto-backend/src/middlewares/auth.ts:8:71
    at new Promise (<anonymous>)
    at __awaiter (/home/norton/Projetos/meluto/meluto-backend/src/middlewares/auth.ts:4:12)
    at passwordRequired (/home/norton/Projetos/meluto/meluto-backend/src/middlewares/auth.ts:187:74)
    at Layer.handle [as handle_request] (/home/norton/Projetos/meluto/meluto-backend/node_modules/express/lib/router/layer.js:95:5)
    at next (/home/norton/Projetos/meluto/meluto-backend/node_modules/express/lib/router/route.js:137:13)
    at /home/norton/Projetos/meluto/meluto-backend/src/middlewares/auth.ts:174:16
    at Generator.next (<anonymous>)
[01/May 17:17:36.290] (TypeError) error: Cannot read properties of undefined (reading 'value') TypeError: Cannot read properties of undefined (reading 'value')
    at /home/norton/Projetos/meluto/meluto-backend/src/middlewares/auth.ts:190:44
    at Generator.next (<anonymous>)
    at /home/norton/Projetos/meluto/meluto-backend/src/middlewares/auth.ts:8:71
    at new Promise (<anonymous>)
    at __awaiter (/home/norton/Projetos/meluto/meluto-backend/src/middlewares/auth.ts:4:12)
    at passwordRequired (/home/norton/Projetos/meluto/meluto-backend/src/middlewares/auth.ts:187:74)
    at Layer.handle [as handle_request] (/home/norton/Projetos/meluto/meluto-backend/node_modules/express/lib/router/layer.js:95:5)
    at next (/home/norton/Projetos/meluto/meluto-backend/node_modules/express/lib/router/route.js:137:13)
    at /home/norton/Projetos/meluto/meluto-backend/src/middlewares/auth.ts:174:16
    at Generator.next (<anonymous>)
[01/May 17:18:03.213] (TypeError) error: Cannot read properties of undefined (reading 'value') TypeError: Cannot read properties of undefined (reading 'value')
    at /home/norton/Projetos/meluto/meluto-backend/src/middlewares/auth.ts:190:44
    at Generator.next (<anonymous>)
    at /home/norton/Projetos/meluto/meluto-backend/src/middlewares/auth.ts:8:71
    at new Promise (<anonymous>)
    at __awaiter (/home/norton/Projetos/meluto/meluto-backend/src/middlewares/auth.ts:4:12)
    at passwordRequired (/home/norton/Projetos/meluto/meluto-backend/src/middlewares/auth.ts:187:74)
    at Layer.handle [as handle_request] (/home/norton/Projetos/meluto/meluto-backend/node_modules/express/lib/router/layer.js:95:5)
    at next (/home/norton/Projetos/meluto/meluto-backend/node_modules/express/lib/router/route.js:137:13)
    at /home/norton/Projetos/meluto/meluto-backend/src/middlewares/auth.ts:174:16
    at Generator.next (<anonymous>)
[01/May 17:18:18.410] (TypeError) error: Cannot read properties of undefined (reading 'value') TypeError: Cannot read properties of undefined (reading 'value')
    at /home/norton/Projetos/meluto/meluto-backend/src/middlewares/auth.ts:190:44
    at Generator.next (<anonymous>)
    at /home/norton/Projetos/meluto/meluto-backend/src/middlewares/auth.ts:8:71
    at new Promise (<anonymous>)
    at __awaiter (/home/norton/Projetos/meluto/meluto-backend/src/middlewares/auth.ts:4:12)
    at passwordRequired (/home/norton/Projetos/meluto/meluto-backend/src/middlewares/auth.ts:187:74)
    at Layer.handle [as handle_request] (/home/norton/Projetos/meluto/meluto-backend/node_modules/express/lib/router/layer.js:95:5)
    at next (/home/norton/Projetos/meluto/meluto-backend/node_modules/express/lib/router/route.js:137:13)
    at /home/norton/Projetos/meluto/meluto-backend/src/middlewares/auth.ts:174:16
    at Generator.next (<anonymous>)
[01/May 17:18:54.530] (TypeError) error: Cannot read properties of undefined (reading 'value') TypeError: Cannot read properties of undefined (reading 'value')
    at /home/norton/Projetos/meluto/meluto-backend/src/middlewares/auth.ts:190:44
    at Generator.next (<anonymous>)
    at /home/norton/Projetos/meluto/meluto-backend/src/middlewares/auth.ts:8:71
    at new Promise (<anonymous>)
    at __awaiter (/home/norton/Projetos/meluto/meluto-backend/src/middlewares/auth.ts:4:12)
    at passwordRequired (/home/norton/Projetos/meluto/meluto-backend/src/middlewares/auth.ts:187:74)
    at Layer.handle [as handle_request] (/home/norton/Projetos/meluto/meluto-backend/node_modules/express/lib/router/layer.js:95:5)
    at next (/home/norton/Projetos/meluto/meluto-backend/node_modules/express/lib/router/route.js:137:13)
    at /home/norton/Projetos/meluto/meluto-backend/src/middlewares/auth.ts:174:16
    at Generator.next (<anonymous>)
[01/Jun 13:32:13.037] (CastError) error: Cast to Embedded failed for value "norton.glitz@gmail.com" (type string) at path "email" for model "User" CastError: Cast to Embedded failed for value "norton.glitz@gmail.com" (type string) at path "email" for model "User"
    at model.Query.exec (/home/norton/Projetos/meluto/meluto-backend/node_modules/mongoose/lib/query.js:4650:21)
    at model.Query.Query.then (/home/norton/Projetos/meluto/meluto-backend/node_modules/mongoose/lib/query.js:4749:15)
    at processTicksAndRejections (node:internal/process/task_queues:96:5)
[01/Jun 13:35:54.493] (CastError) error: Cast to Embedded failed for value "norton.glitz@gmail.com" (type string) at path "email" for model "User" CastError: Cast to Embedded failed for value "norton.glitz@gmail.com" (type string) at path "email" for model "User"
    at model.Query.exec (/home/norton/Projetos/meluto/meluto-backend/node_modules/mongoose/lib/query.js:4650:21)
    at model.Query.Query.then (/home/norton/Projetos/meluto/meluto-backend/node_modules/mongoose/lib/query.js:4749:15)
    at processTicksAndRejections (node:internal/process/task_queues:96:5)
[01/Jun 13:37:38.403] (CastError) error: Cast to Embedded failed for value "norton.glitz@gmail.com" (type string) at path "email" for model "User" CastError: Cast to Embedded failed for value "norton.glitz@gmail.com" (type string) at path "email" for model "User"
    at model.Query.exec (/home/norton/Projetos/meluto/meluto-backend/node_modules/mongoose/lib/query.js:4650:21)
    at model.Query.Query.then (/home/norton/Projetos/meluto/meluto-backend/node_modules/mongoose/lib/query.js:4749:15)
    at processTicksAndRejections (node:internal/process/task_queues:96:5)
[01/Jun 13:39:01.929] (CastError) error: Cast to Embedded failed for value "norton.glitz@gmail.com" (type string) at path "email" for model "User" CastError: Cast to Embedded failed for value "norton.glitz@gmail.com" (type string) at path "email" for model "User"
    at model.Query.exec (/home/norton/Projetos/meluto/meluto-backend/node_modules/mongoose/lib/query.js:4650:21)
    at model.Query.Query.then (/home/norton/Projetos/meluto/meluto-backend/node_modules/mongoose/lib/query.js:4749:15)
    at processTicksAndRejections (node:internal/process/task_queues:96:5)
[01/Jun 13:40:50.771] (CastError) error: Cast to Embedded failed for value "norton.glitz@gmail.com" (type string) at path "email" for model "User" CastError: Cast to Embedded failed for value "norton.glitz@gmail.com" (type string) at path "email" for model "User"
    at model.Query.exec (/home/norton/Projetos/meluto/meluto-backend/node_modules/mongoose/lib/query.js:4650:21)
    at model.Query.Query.then (/home/norton/Projetos/meluto/meluto-backend/node_modules/mongoose/lib/query.js:4749:15)
    at processTicksAndRejections (node:internal/process/task_queues:96:5)
[01/Jun 13:41:06.010] (CastError) error: Cast to Embedded failed for value "123@123.com" (type string) at path "email" for model "User" CastError: Cast to Embedded failed for value "123@123.com" (type string) at path "email" for model "User"
    at model.Query.exec (/home/norton/Projetos/meluto/meluto-backend/node_modules/mongoose/lib/query.js:4650:21)
    at model.Query.Query.then (/home/norton/Projetos/meluto/meluto-backend/node_modules/mongoose/lib/query.js:4749:15)
    at processTicksAndRejections (node:internal/process/task_queues:96:5)
[01/Jun 13:41:26.922] (CastError) error: Cast to Embedded failed for value "123@123.com" (type string) at path "email" for model "User" CastError: Cast to Embedded failed for value "123@123.com" (type string) at path "email" for model "User"
    at model.Query.exec (/home/norton/Projetos/meluto/meluto-backend/node_modules/mongoose/lib/query.js:4650:21)
    at model.Query.Query.then (/home/norton/Projetos/meluto/meluto-backend/node_modules/mongoose/lib/query.js:4749:15)
    at processTicksAndRejections (node:internal/process/task_queues:96:5)
[01/Jun 13:43:07.026] (CastError) error: Cast to Embedded failed for value "123@123.com" (type string) at path "email" for model "User" CastError: Cast to Embedded failed for value "123@123.com" (type string) at path "email" for model "User"
    at model.Query.exec (/home/norton/Projetos/meluto/meluto-backend/node_modules/mongoose/lib/query.js:4650:21)
    at model.Query.Query.then (/home/norton/Projetos/meluto/meluto-backend/node_modules/mongoose/lib/query.js:4749:15)
    at processTicksAndRejections (node:internal/process/task_queues:96:5)
[01/Jun 13:43:20.138] (CastError) error: Cast to Embedded failed for value "123@123.com" (type string) at path "email" for model "User" CastError: Cast to Embedded failed for value "123@123.com" (type string) at path "email" for model "User"
    at model.Query.exec (/home/norton/Projetos/meluto/meluto-backend/node_modules/mongoose/lib/query.js:4650:21)
    at model.Query.Query.then (/home/norton/Projetos/meluto/meluto-backend/node_modules/mongoose/lib/query.js:4749:15)
    at processTicksAndRejections (node:internal/process/task_queues:96:5)
[01/Jun 13:44:28.228] (CastError) error: Cast to Embedded failed for value "norton.glitz@gmail.com" (type string) at path "email" for model "User" CastError: Cast to Embedded failed for value "norton.glitz@gmail.com" (type string) at path "email" for model "User"
    at model.Query.exec (/home/norton/Projetos/meluto/meluto-backend/node_modules/mongoose/lib/query.js:4650:21)
    at model.Query.Query.then (/home/norton/Projetos/meluto/meluto-backend/node_modules/mongoose/lib/query.js:4749:15)
    at processTicksAndRejections (node:internal/process/task_queues:96:5)
[01/Jun 13:45:14.581] (CastError) error: Cast to Embedded failed for value "norton.glitz@gmail.com" (type string) at path "email" for model "User" CastError: Cast to Embedded failed for value "norton.glitz@gmail.com" (type string) at path "email" for model "User"
    at model.Query.exec (/home/norton/Projetos/meluto/meluto-backend/node_modules/mongoose/lib/query.js:4650:21)
    at model.Query.Query.then (/home/norton/Projetos/meluto/meluto-backend/node_modules/mongoose/lib/query.js:4749:15)
    at processTicksAndRejections (node:internal/process/task_queues:96:5)
[01/Jun 13:45:35.171] (CastError) error: Cast to Embedded failed for value "norton.glitz@gmail.com" (type string) at path "email" for model "User" CastError: Cast to Embedded failed for value "norton.glitz@gmail.com" (type string) at path "email" for model "User"
    at model.Query.exec (/home/norton/Projetos/meluto/meluto-backend/node_modules/mongoose/lib/query.js:4650:21)
    at model.Query.Query.then (/home/norton/Projetos/meluto/meluto-backend/node_modules/mongoose/lib/query.js:4749:15)
    at processTicksAndRejections (node:internal/process/task_queues:96:5)
[01/Jun 13:46:02.058] (CastError) error: Cast to Embedded failed for value "norton.glitz@gmail.com" (type string) at path "email" for model "User" CastError: Cast to Embedded failed for value "norton.glitz@gmail.com" (type string) at path "email" for model "User"
    at model.Query.exec (/home/norton/Projetos/meluto/meluto-backend/node_modules/mongoose/lib/query.js:4650:21)
    at model.Query.Query.then (/home/norton/Projetos/meluto/meluto-backend/node_modules/mongoose/lib/query.js:4749:15)
    at processTicksAndRejections (node:internal/process/task_queues:96:5)
[01/Jun 13:46:30.032] (CastError) error: Cast to Embedded failed for value "norton.glitz@gmail.com" (type string) at path "email" for model "User" CastError: Cast to Embedded failed for value "norton.glitz@gmail.com" (type string) at path "email" for model "User"
    at model.Query.exec (/home/norton/Projetos/meluto/meluto-backend/node_modules/mongoose/lib/query.js:4650:21)
    at model.Query.Query.then (/home/norton/Projetos/meluto/meluto-backend/node_modules/mongoose/lib/query.js:4749:15)
    at processTicksAndRejections (node:internal/process/task_queues:96:5)
[01/Jun 13:47:40.099] (CastError) error: Cast to Embedded failed for value "norton.glitz@gmail.com" (type string) at path "email" for model "User" CastError: Cast to Embedded failed for value "norton.glitz@gmail.com" (type string) at path "email" for model "User"
    at model.Query.exec (/home/norton/Projetos/meluto/meluto-backend/node_modules/mongoose/lib/query.js:4650:21)
    at model.Query.Query.then (/home/norton/Projetos/meluto/meluto-backend/node_modules/mongoose/lib/query.js:4749:15)
    at processTicksAndRejections (node:internal/process/task_queues:96:5)
[01/Jun 13:48:06.969] (CastError) error: Cast to Embedded failed for value "norton.glitz@gmail.com" (type string) at path "email" for model "User" CastError: Cast to Embedded failed for value "norton.glitz@gmail.com" (type string) at path "email" for model "User"
    at model.Query.exec (/home/norton/Projetos/meluto/meluto-backend/node_modules/mongoose/lib/query.js:4650:21)
    at model.Query.Query.then (/home/norton/Projetos/meluto/meluto-backend/node_modules/mongoose/lib/query.js:4749:15)
    at processTicksAndRejections (node:internal/process/task_queues:96:5)
[01/Jun 13:48:22.664] (CastError) error: Cast to Embedded failed for value "norton.glitz@gmail.com" (type string) at path "email" for model "User" CastError: Cast to Embedded failed for value "norton.glitz@gmail.com" (type string) at path "email" for model "User"
    at model.Query.exec (/home/norton/Projetos/meluto/meluto-backend/node_modules/mongoose/lib/query.js:4650:21)
    at model.Query.Query.then (/home/norton/Projetos/meluto/meluto-backend/node_modules/mongoose/lib/query.js:4749:15)
    at processTicksAndRejections (node:internal/process/task_queues:96:5)
[01/Jun 13:48:51.139] (CastError) error: Cast to Embedded failed for value "norton.glitz@gmail.com" (type string) at path "email" for model "User" CastError: Cast to Embedded failed for value "norton.glitz@gmail.com" (type string) at path "email" for model "User"
    at model.Query.exec (/home/norton/Projetos/meluto/meluto-backend/node_modules/mongoose/lib/query.js:4650:21)
    at model.Query.Query.then (/home/norton/Projetos/meluto/meluto-backend/node_modules/mongoose/lib/query.js:4749:15)
    at processTicksAndRejections (node:internal/process/task_queues:96:5)
[01/Jun 13:49:27.194] (CastError) error: Cast to Embedded failed for value "norton.glitz@gmail.com" (type string) at path "email" for model "User" CastError: Cast to Embedded failed for value "norton.glitz@gmail.com" (type string) at path "email" for model "User"
    at model.Query.exec (/home/norton/Projetos/meluto/meluto-backend/node_modules/mongoose/lib/query.js:4650:21)
    at model.Query.Query.then (/home/norton/Projetos/meluto/meluto-backend/node_modules/mongoose/lib/query.js:4749:15)
    at processTicksAndRejections (node:internal/process/task_queues:96:5)
[01/Jun 13:49:48.293] (CastError) error: Cast to Embedded failed for value "norton.glitz@gmail.com" (type string) at path "email" for model "User" CastError: Cast to Embedded failed for value "norton.glitz@gmail.com" (type string) at path "email" for model "User"
    at model.Query.exec (/home/norton/Projetos/meluto/meluto-backend/node_modules/mongoose/lib/query.js:4650:21)
    at model.Query.Query.then (/home/norton/Projetos/meluto/meluto-backend/node_modules/mongoose/lib/query.js:4749:15)
    at processTicksAndRejections (node:internal/process/task_queues:96:5)
[01/Jun 13:50:18.022] (CastError) error: Cast to Embedded failed for value "norton.glitz@gmail.com" (type string) at path "email" for model "User" CastError: Cast to Embedded failed for value "norton.glitz@gmail.com" (type string) at path "email" for model "User"
    at model.Query.exec (/home/norton/Projetos/meluto/meluto-backend/node_modules/mongoose/lib/query.js:4650:21)
    at model.Query.Query.then (/home/norton/Projetos/meluto/meluto-backend/node_modules/mongoose/lib/query.js:4749:15)
    at processTicksAndRejections (node:internal/process/task_queues:96:5)
[01/Jun 14:29:06.928] (MongoServerError) error: E11000 duplicate key error collection: melutoDatabaseDev.users index: email.value_1 dup key: { email.value: "norton.glitz@gmail.com" } MongoServerError: E11000 duplicate key error collection: melutoDatabaseDev.users index: email.value_1 dup key: { email.value: "norton.glitz@gmail.com" }
    at /home/norton/Projetos/meluto/meluto-backend/node_modules/mongodb/src/operations/insert.ts:75:25
    at /home/norton/Projetos/meluto/meluto-backend/node_modules/mongodb/src/cmap/connection_pool.ts:482:13
    at handleOperationResult (/home/norton/Projetos/meluto/meluto-backend/node_modules/mongodb/src/sdam/server.ts:610:5)
    at MessageStream.messageHandler (/home/norton/Projetos/meluto/meluto-backend/node_modules/mongodb/src/cmap/connection.ts:765:5)
    at MessageStream.emit (node:events:527:28)
    at MessageStream.emit (node:domain:475:12)
    at processIncomingData (/home/norton/Projetos/meluto/meluto-backend/node_modules/mongodb/src/cmap/message_stream.ts:168:12)
    at MessageStream._write (/home/norton/Projetos/meluto/meluto-backend/node_modules/mongodb/src/cmap/message_stream.ts:65:5)
    at writeOrBuffer (node:internal/streams/writable:389:12)
    at _write (node:internal/streams/writable:330:10)
[01/Jun 14:30:25.910] (InvalidRoleError) error: invalid role InvalidRoleError: invalid role
    at /home/norton/Projetos/meluto/meluto-backend/src/controllers/users/createUser.ts:158:17
    at Generator.next (<anonymous>)
    at fulfilled (/home/norton/Projetos/meluto/meluto-backend/src/controllers/users/createUser.ts:5:58)
    at processTicksAndRejections (node:internal/process/task_queues:96:5)
[01/Jun 14:31:50.140] (InvalidRoleError) error: invalid role InvalidRoleError: invalid role
    at /home/norton/Projetos/meluto/meluto-backend/src/controllers/users/createUser.ts:158:17
    at Generator.next (<anonymous>)
    at fulfilled (/home/norton/Projetos/meluto/meluto-backend/src/controllers/users/createUser.ts:5:58)
    at processTicksAndRejections (node:internal/process/task_queues:96:5)
[01/Jun 14:32:39.970] (InvalidRoleError) error: invalid role InvalidRoleError: invalid role
    at /home/norton/Projetos/meluto/meluto-backend/src/controllers/users/createUser.ts:159:17
    at Generator.next (<anonymous>)
    at fulfilled (/home/norton/Projetos/meluto/meluto-backend/src/controllers/users/createUser.ts:5:58)
    at processTicksAndRejections (node:internal/process/task_queues:96:5)
[01/Jun 14:33:00.833] (InvalidRoleError) error: invalid role InvalidRoleError: invalid role
    at /home/norton/Projetos/meluto/meluto-backend/src/controllers/users/createUser.ts:159:17
    at Generator.next (<anonymous>)
    at fulfilled (/home/norton/Projetos/meluto/meluto-backend/src/controllers/users/createUser.ts:5:58)
    at processTicksAndRejections (node:internal/process/task_queues:96:5)
[01/Jun 14:33:27.269] (InvalidRoleError) error: invalid role InvalidRoleError: invalid role
    at /home/norton/Projetos/meluto/meluto-backend/src/controllers/users/createUser.ts:159:17
    at Generator.next (<anonymous>)
    at fulfilled (/home/norton/Projetos/meluto/meluto-backend/src/controllers/users/createUser.ts:5:58)
    at processTicksAndRejections (node:internal/process/task_queues:96:5)
[01/Jun 14:33:58.962] (InvalidRoleError) error: invalid role InvalidRoleError: invalid role
    at /home/norton/Projetos/meluto/meluto-backend/src/controllers/users/createUser.ts:159:17
    at Generator.next (<anonymous>)
    at fulfilled (/home/norton/Projetos/meluto/meluto-backend/src/controllers/users/createUser.ts:5:58)
    at processTicksAndRejections (node:internal/process/task_queues:96:5)
[01/Jun 14:34:14.772] (InvalidRoleError) error: invalid role InvalidRoleError: invalid role
    at /home/norton/Projetos/meluto/meluto-backend/src/controllers/users/createUser.ts:160:17
    at Generator.next (<anonymous>)
    at fulfilled (/home/norton/Projetos/meluto/meluto-backend/src/controllers/users/createUser.ts:5:58)
    at processTicksAndRejections (node:internal/process/task_queues:96:5)
[01/Jun 14:34:54.281] (MongoServerError) error: E11000 duplicate key error collection: melutoDatabaseDev.users index: email.value_1 dup key: { email.value: "norton.glitz2@gmail.com" } MongoServerError: E11000 duplicate key error collection: melutoDatabaseDev.users index: email.value_1 dup key: { email.value: "norton.glitz2@gmail.com" }
    at /home/norton/Projetos/meluto/meluto-backend/node_modules/mongodb/src/operations/insert.ts:75:25
    at /home/norton/Projetos/meluto/meluto-backend/node_modules/mongodb/src/cmap/connection_pool.ts:482:13
    at handleOperationResult (/home/norton/Projetos/meluto/meluto-backend/node_modules/mongodb/src/sdam/server.ts:610:5)
    at MessageStream.messageHandler (/home/norton/Projetos/meluto/meluto-backend/node_modules/mongodb/src/cmap/connection.ts:765:5)
    at MessageStream.emit (node:events:527:28)
    at MessageStream.emit (node:domain:475:12)
    at processIncomingData (/home/norton/Projetos/meluto/meluto-backend/node_modules/mongodb/src/cmap/message_stream.ts:168:12)
    at MessageStream._write (/home/norton/Projetos/meluto/meluto-backend/node_modules/mongodb/src/cmap/message_stream.ts:65:5)
    at writeOrBuffer (node:internal/streams/writable:389:12)
    at _write (node:internal/streams/writable:330:10)
[01/Jun 14:35:03.869] (MongoServerError) error: E11000 duplicate key error collection: melutoDatabaseDev.users index: docs.CPF.value_1 dup key: { docs.CPF.value: null } MongoServerError: E11000 duplicate key error collection: melutoDatabaseDev.users index: docs.CPF.value_1 dup key: { docs.CPF.value: null }
    at /home/norton/Projetos/meluto/meluto-backend/node_modules/mongodb/src/operations/insert.ts:75:25
    at /home/norton/Projetos/meluto/meluto-backend/node_modules/mongodb/src/cmap/connection_pool.ts:482:13
    at handleOperationResult (/home/norton/Projetos/meluto/meluto-backend/node_modules/mongodb/src/sdam/server.ts:610:5)
    at MessageStream.messageHandler (/home/norton/Projetos/meluto/meluto-backend/node_modules/mongodb/src/cmap/connection.ts:765:5)
    at MessageStream.emit (node:events:527:28)
    at MessageStream.emit (node:domain:475:12)
    at processIncomingData (/home/norton/Projetos/meluto/meluto-backend/node_modules/mongodb/src/cmap/message_stream.ts:168:12)
    at MessageStream._write (/home/norton/Projetos/meluto/meluto-backend/node_modules/mongodb/src/cmap/message_stream.ts:65:5)
    at writeOrBuffer (node:internal/streams/writable:389:12)
    at _write (node:internal/streams/writable:330:10)
[01/Jun 14:35:34.395] (MongoServerError) error: E11000 duplicate key error collection: melutoDatabaseDev.users index: docs.CPF.value_1 dup key: { docs.CPF.value: null } MongoServerError: E11000 duplicate key error collection: melutoDatabaseDev.users index: docs.CPF.value_1 dup key: { docs.CPF.value: null }
    at /home/norton/Projetos/meluto/meluto-backend/node_modules/mongodb/src/operations/insert.ts:75:25
    at /home/norton/Projetos/meluto/meluto-backend/node_modules/mongodb/src/cmap/connection_pool.ts:482:13
    at handleOperationResult (/home/norton/Projetos/meluto/meluto-backend/node_modules/mongodb/src/sdam/server.ts:610:5)
    at MessageStream.messageHandler (/home/norton/Projetos/meluto/meluto-backend/node_modules/mongodb/src/cmap/connection.ts:765:5)
    at MessageStream.emit (node:events:527:28)
    at MessageStream.emit (node:domain:475:12)
    at processIncomingData (/home/norton/Projetos/meluto/meluto-backend/node_modules/mongodb/src/cmap/message_stream.ts:168:12)
    at MessageStream._write (/home/norton/Projetos/meluto/meluto-backend/node_modules/mongodb/src/cmap/message_stream.ts:65:5)
    at writeOrBuffer (node:internal/streams/writable:389:12)
    at _write (node:internal/streams/writable:330:10)
[01/Jun 14:36:45.315] (MongoServerError) error: E11000 duplicate key error collection: melutoDatabaseDev.users index: docs.CPF.value_1 dup key: { docs.CPF.value: null } MongoServerError: E11000 duplicate key error collection: melutoDatabaseDev.users index: docs.CPF.value_1 dup key: { docs.CPF.value: null }
    at /home/norton/Projetos/meluto/meluto-backend/node_modules/mongodb/src/operations/insert.ts:75:25
    at /home/norton/Projetos/meluto/meluto-backend/node_modules/mongodb/src/cmap/connection_pool.ts:482:13
    at handleOperationResult (/home/norton/Projetos/meluto/meluto-backend/node_modules/mongodb/src/sdam/server.ts:610:5)
    at MessageStream.messageHandler (/home/norton/Projetos/meluto/meluto-backend/node_modules/mongodb/src/cmap/connection.ts:765:5)
    at MessageStream.emit (node:events:527:28)
    at MessageStream.emit (node:domain:475:12)
    at processIncomingData (/home/norton/Projetos/meluto/meluto-backend/node_modules/mongodb/src/cmap/message_stream.ts:168:12)
    at MessageStream._write (/home/norton/Projetos/meluto/meluto-backend/node_modules/mongodb/src/cmap/message_stream.ts:65:5)
    at writeOrBuffer (node:internal/streams/writable:389:12)
    at _write (node:internal/streams/writable:330:10)
[01/Jun 14:37:43.174] (MongoServerError) error: E11000 duplicate key error collection: melutoDatabaseDev.users index: docs.CPF.value_1 dup key: { docs.CPF.value: null } MongoServerError: E11000 duplicate key error collection: melutoDatabaseDev.users index: docs.CPF.value_1 dup key: { docs.CPF.value: null }
    at /home/norton/Projetos/meluto/meluto-backend/node_modules/mongodb/src/operations/insert.ts:75:25
    at /home/norton/Projetos/meluto/meluto-backend/node_modules/mongodb/src/cmap/connection_pool.ts:482:13
    at handleOperationResult (/home/norton/Projetos/meluto/meluto-backend/node_modules/mongodb/src/sdam/server.ts:610:5)
    at MessageStream.messageHandler (/home/norton/Projetos/meluto/meluto-backend/node_modules/mongodb/src/cmap/connection.ts:765:5)
    at MessageStream.emit (node:events:527:28)
    at MessageStream.emit (node:domain:475:12)
    at processIncomingData (/home/norton/Projetos/meluto/meluto-backend/node_modules/mongodb/src/cmap/message_stream.ts:168:12)
    at MessageStream._write (/home/norton/Projetos/meluto/meluto-backend/node_modules/mongodb/src/cmap/message_stream.ts:65:5)
    at writeOrBuffer (node:internal/streams/writable:389:12)
    at _write (node:internal/streams/writable:330:10)
[01/Jun 15:41:08.003] (MongoServerError) error: E11000 duplicate key error collection: melutoDatabaseDev.users index: email.value_1 dup key: { email.value: "norton.glitz3@gmail.com" } MongoServerError: E11000 duplicate key error collection: melutoDatabaseDev.users index: email.value_1 dup key: { email.value: "norton.glitz3@gmail.com" }
    at /home/norton/Projetos/meluto/meluto-backend/node_modules/mongodb/src/operations/insert.ts:75:25
    at /home/norton/Projetos/meluto/meluto-backend/node_modules/mongodb/src/cmap/connection_pool.ts:482:13
    at handleOperationResult (/home/norton/Projetos/meluto/meluto-backend/node_modules/mongodb/src/sdam/server.ts:610:5)
    at MessageStream.messageHandler (/home/norton/Projetos/meluto/meluto-backend/node_modules/mongodb/src/cmap/connection.ts:765:5)
    at MessageStream.emit (node:events:527:28)
    at MessageStream.emit (node:domain:475:12)
    at processIncomingData (/home/norton/Projetos/meluto/meluto-backend/node_modules/mongodb/src/cmap/message_stream.ts:168:12)
    at MessageStream._write (/home/norton/Projetos/meluto/meluto-backend/node_modules/mongodb/src/cmap/message_stream.ts:65:5)
    at writeOrBuffer (node:internal/streams/writable:389:12)
    at _write (node:internal/streams/writable:330:10)
[01/Jun 15:42:17.112] (MongoServerError) error: E11000 duplicate key error collection: melutoDatabaseDev.users index: email.value_1 dup key: { email.value: "norton.glitz3@gmail.com" } MongoServerError: E11000 duplicate key error collection: melutoDatabaseDev.users index: email.value_1 dup key: { email.value: "norton.glitz3@gmail.com" }
    at /home/norton/Projetos/meluto/meluto-backend/node_modules/mongodb/src/operations/insert.ts:75:25
    at /home/norton/Projetos/meluto/meluto-backend/node_modules/mongodb/src/cmap/connection_pool.ts:482:13
    at handleOperationResult (/home/norton/Projetos/meluto/meluto-backend/node_modules/mongodb/src/sdam/server.ts:610:5)
    at MessageStream.messageHandler (/home/norton/Projetos/meluto/meluto-backend/node_modules/mongodb/src/cmap/connection.ts:765:5)
    at MessageStream.emit (node:events:527:28)
    at MessageStream.emit (node:domain:475:12)
    at processIncomingData (/home/norton/Projetos/meluto/meluto-backend/node_modules/mongodb/src/cmap/message_stream.ts:168:12)
    at MessageStream._write (/home/norton/Projetos/meluto/meluto-backend/node_modules/mongodb/src/cmap/message_stream.ts:65:5)
    at writeOrBuffer (node:internal/streams/writable:389:12)
    at _write (node:internal/streams/writable:330:10)
[01/Jun 15:46:43.159] (MongoServerError) error: E11000 duplicate key error collection: melutoDatabaseDev.users index: email.value_1 dup key: { email.value: "norton.glitz3@gmail.com" } MongoServerError: E11000 duplicate key error collection: melutoDatabaseDev.users index: email.value_1 dup key: { email.value: "norton.glitz3@gmail.com" }
    at /home/norton/Projetos/meluto/meluto-backend/node_modules/mongodb/src/operations/insert.ts:75:25
    at /home/norton/Projetos/meluto/meluto-backend/node_modules/mongodb/src/cmap/connection_pool.ts:482:13
    at handleOperationResult (/home/norton/Projetos/meluto/meluto-backend/node_modules/mongodb/src/sdam/server.ts:610:5)
    at MessageStream.messageHandler (/home/norton/Projetos/meluto/meluto-backend/node_modules/mongodb/src/cmap/connection.ts:765:5)
    at MessageStream.emit (node:events:527:28)
    at MessageStream.emit (node:domain:475:12)
    at processIncomingData (/home/norton/Projetos/meluto/meluto-backend/node_modules/mongodb/src/cmap/message_stream.ts:168:12)
    at MessageStream._write (/home/norton/Projetos/meluto/meluto-backend/node_modules/mongodb/src/cmap/message_stream.ts:65:5)
    at writeOrBuffer (node:internal/streams/writable:389:12)
    at _write (node:internal/streams/writable:330:10)
[04/Jun 11:40:58.426] (MongooseError) error: Operation `users.findOne()` buffering timed out after 10000ms MongooseError: Operation `users.findOne()` buffering timed out after 10000ms
    at Timeout.<anonymous> (/home/norton/Projetos/meluto/meluto-backend/node_modules/mongoose/lib/drivers/node-mongodb-native/collection.js:151:23)
    at listOnTimeout (node:internal/timers:559:17)
    at processTimers (node:internal/timers:502:7)
[04/Jun 11:41:00.285] (MongooseError) error: Operation `users.findOne()` buffering timed out after 10000ms MongooseError: Operation `users.findOne()` buffering timed out after 10000ms
    at Timeout.<anonymous> (/home/norton/Projetos/meluto/meluto-backend/node_modules/mongoose/lib/drivers/node-mongodb-native/collection.js:151:23)
    at listOnTimeout (node:internal/timers:559:17)
    at processTimers (node:internal/timers:502:7)
[04/Jun 11:41:01.590] (MongooseError) error: Operation `users.findOne()` buffering timed out after 10000ms MongooseError: Operation `users.findOne()` buffering timed out after 10000ms
    at Timeout.<anonymous> (/home/norton/Projetos/meluto/meluto-backend/node_modules/mongoose/lib/drivers/node-mongodb-native/collection.js:151:23)
    at listOnTimeout (node:internal/timers:559:17)
    at processTimers (node:internal/timers:502:7)
[04/Jun 11:41:03.665] (MongooseError) error: Operation `users.findOne()` buffering timed out after 10000ms MongooseError: Operation `users.findOne()` buffering timed out after 10000ms
    at Timeout.<anonymous> (/home/norton/Projetos/meluto/meluto-backend/node_modules/mongoose/lib/drivers/node-mongodb-native/collection.js:151:23)
    at listOnTimeout (node:internal/timers:559:17)
    at processTimers (node:internal/timers:502:7)
[04/Jun 11:41:06.366] (MongooseError) error: Operation `users.findOne()` buffering timed out after 10000ms MongooseError: Operation `users.findOne()` buffering timed out after 10000ms
    at Timeout.<anonymous> (/home/norton/Projetos/meluto/meluto-backend/node_modules/mongoose/lib/drivers/node-mongodb-native/collection.js:151:23)
    at listOnTimeout (node:internal/timers:559:17)
    at processTimers (node:internal/timers:502:7)
[04/Jun 11:41:22.469] (MongooseError) error: Operation `users.findOne()` buffering timed out after 10000ms MongooseError: Operation `users.findOne()` buffering timed out after 10000ms
    at Timeout.<anonymous> (/home/norton/Projetos/meluto/meluto-backend/node_modules/mongoose/lib/drivers/node-mongodb-native/collection.js:151:23)
    at listOnTimeout (node:internal/timers:559:17)
    at processTimers (node:internal/timers:502:7)
[04/Jun 11:41:46.447] (MongooseError) error: Operation `users.findOne()` buffering timed out after 10000ms MongooseError: Operation `users.findOne()` buffering timed out after 10000ms
    at Timeout.<anonymous> (/home/norton/Projetos/meluto/meluto-backend/node_modules/mongoose/lib/drivers/node-mongodb-native/collection.js:151:23)
    at listOnTimeout (node:internal/timers:559:17)
    at processTimers (node:internal/timers:502:7)
[04/Jun 11:42:00.864] (Error) error: querySrv ETIMEOUT _mongodb._tcp.bra-sp-01.accoq.mongodb.net Error: querySrv ETIMEOUT _mongodb._tcp.bra-sp-01.accoq.mongodb.net
    at QueryReqWrap.onresolve [as oncomplete] (node:dns:213:19)
[04/Jun 11:42:17.747] (MongooseError) error: Operation `users.findOne()` buffering timed out after 10000ms MongooseError: Operation `users.findOne()` buffering timed out after 10000ms
    at Timeout.<anonymous> (/home/norton/Projetos/meluto/meluto-backend/node_modules/mongoose/lib/drivers/node-mongodb-native/collection.js:151:23)
    at listOnTimeout (node:internal/timers:559:17)
    at processTimers (node:internal/timers:502:7)
[03/Jun 19:37:34.776] (MongooseError) error: document must have an _id before saving MongooseError: document must have an _id before saving
    at /home/norton/Projetos/meluto/meluto-backend/node_modules/mongoose/lib/model.js:295:18
    at processTicksAndRejections (node:internal/process/task_queues:78:11)
[06/Jun 15:39:04.583] (MongoServerError) error: E11000 duplicate key error collection: melutoDatabaseDev.emailcodes index: email_1 dup key: { email: "norton@corretor.com" } MongoServerError: E11000 duplicate key error collection: melutoDatabaseDev.emailcodes index: email_1 dup key: { email: "norton@corretor.com" }
    at /home/norton/Projetos/meluto/meluto-backend/node_modules/mongodb/src/operations/insert.ts:75:25
    at /home/norton/Projetos/meluto/meluto-backend/node_modules/mongodb/src/cmap/connection_pool.ts:482:13
    at handleOperationResult (/home/norton/Projetos/meluto/meluto-backend/node_modules/mongodb/src/sdam/server.ts:610:5)
    at MessageStream.messageHandler (/home/norton/Projetos/meluto/meluto-backend/node_modules/mongodb/src/cmap/connection.ts:765:5)
    at MessageStream.emit (node:events:527:28)
    at MessageStream.emit (node:domain:475:12)
    at processIncomingData (/home/norton/Projetos/meluto/meluto-backend/node_modules/mongodb/src/cmap/message_stream.ts:168:12)
    at MessageStream._write (/home/norton/Projetos/meluto/meluto-backend/node_modules/mongodb/src/cmap/message_stream.ts:65:5)
    at writeOrBuffer (node:internal/streams/writable:389:12)
    at _write (node:internal/streams/writable:330:10)
[06/Jun 15:47:48.789] (MongoServerError) error: E11000 duplicate key error collection: melutoDatabaseDev.emailcodes index: email_1 dup key: { email: "norton@corretor.com" } MongoServerError: E11000 duplicate key error collection: melutoDatabaseDev.emailcodes index: email_1 dup key: { email: "norton@corretor.com" }
    at /home/norton/Projetos/meluto/meluto-backend/node_modules/mongodb/src/operations/insert.ts:75:25
    at /home/norton/Projetos/meluto/meluto-backend/node_modules/mongodb/src/cmap/connection_pool.ts:482:13
    at handleOperationResult (/home/norton/Projetos/meluto/meluto-backend/node_modules/mongodb/src/sdam/server.ts:610:5)
    at MessageStream.messageHandler (/home/norton/Projetos/meluto/meluto-backend/node_modules/mongodb/src/cmap/connection.ts:765:5)
    at MessageStream.emit (node:events:527:28)
    at MessageStream.emit (node:domain:475:12)
    at processIncomingData (/home/norton/Projetos/meluto/meluto-backend/node_modules/mongodb/src/cmap/message_stream.ts:168:12)
    at MessageStream._write (/home/norton/Projetos/meluto/meluto-backend/node_modules/mongodb/src/cmap/message_stream.ts:65:5)
    at writeOrBuffer (node:internal/streams/writable:389:12)
    at _write (node:internal/streams/writable:330:10)
[02/Jun 13:26:08.036] (MongoServerError) error: E11000 duplicate key error collection: melutoDatabaseDev.users index: whatsapp.value_1 dup key: { whatsapp.value: null } MongoServerError: E11000 duplicate key error collection: melutoDatabaseDev.users index: whatsapp.value_1 dup key: { whatsapp.value: null }
    at /home/norton/Projetos/meluto/meluto-backend/node_modules/mongodb/src/operations/insert.ts:75:25
    at /home/norton/Projetos/meluto/meluto-backend/node_modules/mongodb/src/cmap/connection_pool.ts:482:13
    at handleOperationResult (/home/norton/Projetos/meluto/meluto-backend/node_modules/mongodb/src/sdam/server.ts:610:5)
    at MessageStream.messageHandler (/home/norton/Projetos/meluto/meluto-backend/node_modules/mongodb/src/cmap/connection.ts:765:5)
    at MessageStream.emit (node:events:527:28)
    at MessageStream.emit (node:domain:475:12)
    at processIncomingData (/home/norton/Projetos/meluto/meluto-backend/node_modules/mongodb/src/cmap/message_stream.ts:168:12)
    at MessageStream._write (/home/norton/Projetos/meluto/meluto-backend/node_modules/mongodb/src/cmap/message_stream.ts:65:5)
    at writeOrBuffer (node:internal/streams/writable:389:12)
    at _write (node:internal/streams/writable:330:10)
[02/Jun 13:26:13.295] (MongoServerError) error: E11000 duplicate key error collection: melutoDatabaseDev.users index: whatsapp.value_1 dup key: { whatsapp.value: null } MongoServerError: E11000 duplicate key error collection: melutoDatabaseDev.users index: whatsapp.value_1 dup key: { whatsapp.value: null }
    at /home/norton/Projetos/meluto/meluto-backend/node_modules/mongodb/src/operations/insert.ts:75:25
    at /home/norton/Projetos/meluto/meluto-backend/node_modules/mongodb/src/cmap/connection_pool.ts:482:13
    at handleOperationResult (/home/norton/Projetos/meluto/meluto-backend/node_modules/mongodb/src/sdam/server.ts:610:5)
    at MessageStream.messageHandler (/home/norton/Projetos/meluto/meluto-backend/node_modules/mongodb/src/cmap/connection.ts:765:5)
    at MessageStream.emit (node:events:527:28)
    at MessageStream.emit (node:domain:475:12)
    at processIncomingData (/home/norton/Projetos/meluto/meluto-backend/node_modules/mongodb/src/cmap/message_stream.ts:168:12)
    at MessageStream._write (/home/norton/Projetos/meluto/meluto-backend/node_modules/mongodb/src/cmap/message_stream.ts:65:5)
    at writeOrBuffer (node:internal/streams/writable:389:12)
    at _write (node:internal/streams/writable:330:10)
[02/Jun 13:27:08.952] (MongoServerError) error: E11000 duplicate key error collection: melutoDatabaseDev.users index: whatsapp.value_1 dup key: { whatsapp.value: null } MongoServerError: E11000 duplicate key error collection: melutoDatabaseDev.users index: whatsapp.value_1 dup key: { whatsapp.value: null }
    at /home/norton/Projetos/meluto/meluto-backend/node_modules/mongodb/src/operations/insert.ts:75:25
    at /home/norton/Projetos/meluto/meluto-backend/node_modules/mongodb/src/cmap/connection_pool.ts:482:13
    at handleOperationResult (/home/norton/Projetos/meluto/meluto-backend/node_modules/mongodb/src/sdam/server.ts:610:5)
    at MessageStream.messageHandler (/home/norton/Projetos/meluto/meluto-backend/node_modules/mongodb/src/cmap/connection.ts:765:5)
    at MessageStream.emit (node:events:527:28)
    at MessageStream.emit (node:domain:475:12)
    at processIncomingData (/home/norton/Projetos/meluto/meluto-backend/node_modules/mongodb/src/cmap/message_stream.ts:168:12)
    at MessageStream._write (/home/norton/Projetos/meluto/meluto-backend/node_modules/mongodb/src/cmap/message_stream.ts:65:5)
    at writeOrBuffer (node:internal/streams/writable:389:12)
    at _write (node:internal/streams/writable:330:10)
[02/Jun 13:27:13.786] (MongoServerError) error: E11000 duplicate key error collection: melutoDatabaseDev.users index: whatsapp.value_1 dup key: { whatsapp.value: null } MongoServerError: E11000 duplicate key error collection: melutoDatabaseDev.users index: whatsapp.value_1 dup key: { whatsapp.value: null }
    at /home/norton/Projetos/meluto/meluto-backend/node_modules/mongodb/src/operations/insert.ts:75:25
    at /home/norton/Projetos/meluto/meluto-backend/node_modules/mongodb/src/cmap/connection_pool.ts:482:13
    at handleOperationResult (/home/norton/Projetos/meluto/meluto-backend/node_modules/mongodb/src/sdam/server.ts:610:5)
    at MessageStream.messageHandler (/home/norton/Projetos/meluto/meluto-backend/node_modules/mongodb/src/cmap/connection.ts:765:5)
    at MessageStream.emit (node:events:527:28)
    at MessageStream.emit (node:domain:475:12)
    at processIncomingData (/home/norton/Projetos/meluto/meluto-backend/node_modules/mongodb/src/cmap/message_stream.ts:168:12)
    at MessageStream._write (/home/norton/Projetos/meluto/meluto-backend/node_modules/mongodb/src/cmap/message_stream.ts:65:5)
    at writeOrBuffer (node:internal/streams/writable:389:12)
    at _write (node:internal/streams/writable:330:10)
[02/Jun 13:28:57.506] (MongoServerError) error: E11000 duplicate key error collection: melutoDatabaseDev.users index: whatsapp.value_1 dup key: { whatsapp.value: null } MongoServerError: E11000 duplicate key error collection: melutoDatabaseDev.users index: whatsapp.value_1 dup key: { whatsapp.value: null }
    at /home/norton/Projetos/meluto/meluto-backend/node_modules/mongodb/src/operations/insert.ts:75:25
    at /home/norton/Projetos/meluto/meluto-backend/node_modules/mongodb/src/cmap/connection_pool.ts:482:13
    at handleOperationResult (/home/norton/Projetos/meluto/meluto-backend/node_modules/mongodb/src/sdam/server.ts:610:5)
    at MessageStream.messageHandler (/home/norton/Projetos/meluto/meluto-backend/node_modules/mongodb/src/cmap/connection.ts:765:5)
    at MessageStream.emit (node:events:527:28)
    at MessageStream.emit (node:domain:475:12)
    at processIncomingData (/home/norton/Projetos/meluto/meluto-backend/node_modules/mongodb/src/cmap/message_stream.ts:168:12)
    at MessageStream._write (/home/norton/Projetos/meluto/meluto-backend/node_modules/mongodb/src/cmap/message_stream.ts:65:5)
    at writeOrBuffer (node:internal/streams/writable:389:12)
    at _write (node:internal/streams/writable:330:10)
[02/Jun 14:57:09.051] (MongoServerError) error: E11000 duplicate key error collection: melutoDatabaseDev.emailcodes index: email_1 dup key: { email: "amanda@email.com" } MongoServerError: E11000 duplicate key error collection: melutoDatabaseDev.emailcodes index: email_1 dup key: { email: "amanda@email.com" }
    at /home/norton/Projetos/meluto/meluto-backend/node_modules/mongodb/src/operations/insert.ts:75:25
    at /home/norton/Projetos/meluto/meluto-backend/node_modules/mongodb/src/cmap/connection_pool.ts:482:13
    at handleOperationResult (/home/norton/Projetos/meluto/meluto-backend/node_modules/mongodb/src/sdam/server.ts:610:5)
    at MessageStream.messageHandler (/home/norton/Projetos/meluto/meluto-backend/node_modules/mongodb/src/cmap/connection.ts:765:5)
    at MessageStream.emit (node:events:527:28)
    at MessageStream.emit (node:domain:475:12)
    at processIncomingData (/home/norton/Projetos/meluto/meluto-backend/node_modules/mongodb/src/cmap/message_stream.ts:168:12)
    at MessageStream._write (/home/norton/Projetos/meluto/meluto-backend/node_modules/mongodb/src/cmap/message_stream.ts:65:5)
    at writeOrBuffer (node:internal/streams/writable:389:12)
    at _write (node:internal/streams/writable:330:10)
[04/Jul 15:01:56.561] (MongooseError) error: Operation `users.findOne()` buffering timed out after 10000ms MongooseError: Operation `users.findOne()` buffering timed out after 10000ms
    at Timeout.<anonymous> (/home/norton/Projetos/meluto/meluto-backend/node_modules/mongoose/lib/drivers/node-mongodb-native/collection.js:151:23)
    at listOnTimeout (node:internal/timers:559:17)
    at processTimers (node:internal/timers:502:7)
[04/Jul 15:02:11.130] (MongooseError) error: Operation `users.findOne()` buffering timed out after 10000ms MongooseError: Operation `users.findOne()` buffering timed out after 10000ms
    at Timeout.<anonymous> (/home/norton/Projetos/meluto/meluto-backend/node_modules/mongoose/lib/drivers/node-mongodb-native/collection.js:151:23)
    at listOnTimeout (node:internal/timers:559:17)
    at processTimers (node:internal/timers:502:7)
[04/Jul 15:02:16.118] (MongooseServerSelectionError) error: Could not connect to any servers in your MongoDB Atlas cluster. One common reason is that you're trying to access the database from an IP that isn't whitelisted. Make sure your current IP address is on your Atlas cluster's IP whitelist: https://docs.atlas.mongodb.com/security-whitelist/ MongooseServerSelectionError: Could not connect to any servers in your MongoDB Atlas cluster. One common reason is that you're trying to access the database from an IP that isn't whitelisted. Make sure your current IP address is on your Atlas cluster's IP whitelist: https://docs.atlas.mongodb.com/security-whitelist/
    at NativeConnection.Connection.openUri (/home/norton/Projetos/meluto/meluto-backend/node_modules/mongoose/lib/connection.js:807:32)
    at /home/norton/Projetos/meluto/meluto-backend/node_modules/mongoose/lib/index.js:340:10
    at /home/norton/Projetos/meluto/meluto-backend/node_modules/mongoose/lib/helpers/promiseOrCallback.js:32:5
    at new Promise (<anonymous>)
    at promiseOrCallback (/home/norton/Projetos/meluto/meluto-backend/node_modules/mongoose/lib/helpers/promiseOrCallback.js:31:10)
    at Mongoose._promiseOrCallback (/home/norton/Projetos/meluto/meluto-backend/node_modules/mongoose/lib/index.js:1140:10)
    at Mongoose.connect (/home/norton/Projetos/meluto/meluto-backend/node_modules/mongoose/lib/index.js:339:20)
    at /home/norton/Projetos/meluto/meluto-backend/src/config/database.ts:22:20
    at Generator.next (<anonymous>)
    at /home/norton/Projetos/meluto/meluto-backend/src/config/database.ts:8:71
[04/Jul 15:02:22.192] (MongooseError) error: Operation `users.findOne()` buffering timed out after 10000ms MongooseError: Operation `users.findOne()` buffering timed out after 10000ms
    at Timeout.<anonymous> (/home/norton/Projetos/meluto/meluto-backend/node_modules/mongoose/lib/drivers/node-mongodb-native/collection.js:151:23)
    at listOnTimeout (node:internal/timers:559:17)
    at processTimers (node:internal/timers:502:7)
[04/Jul 15:03:36.771] (MongooseError) error: Operation `users.findOne()` buffering timed out after 10000ms MongooseError: Operation `users.findOne()` buffering timed out after 10000ms
    at Timeout.<anonymous> (/home/norton/Projetos/meluto/meluto-backend/node_modules/mongoose/lib/drivers/node-mongodb-native/collection.js:151:23)
    at listOnTimeout (node:internal/timers:559:17)
    at processTimers (node:internal/timers:502:7)
[02/Jul 19:59:17.303] (MongooseError) error: Operation `temporaryusers.findOne()` buffering timed out after 10000ms MongooseError: Operation `temporaryusers.findOne()` buffering timed out after 10000ms
    at Timeout.<anonymous> (/home/norton/Projetos/meluto/meluto-backend/node_modules/mongoose/lib/drivers/node-mongodb-native/collection.js:151:23)
    at listOnTimeout (node:internal/timers:559:17)
    at processTimers (node:internal/timers:502:7)
[02/Jul 19:59:29.058] (MongooseError) error: Operation `temporaryusers.findOne()` buffering timed out after 10000ms MongooseError: Operation `temporaryusers.findOne()` buffering timed out after 10000ms
    at Timeout.<anonymous> (/home/norton/Projetos/meluto/meluto-backend/node_modules/mongoose/lib/drivers/node-mongodb-native/collection.js:151:23)
    at listOnTimeout (node:internal/timers:559:17)
    at processTimers (node:internal/timers:502:7)
[02/Jul 19:59:34.095] (MongooseServerSelectionError) error: Could not connect to any servers in your MongoDB Atlas cluster. One common reason is that you're trying to access the database from an IP that isn't whitelisted. Make sure your current IP address is on your Atlas cluster's IP whitelist: https://docs.atlas.mongodb.com/security-whitelist/ MongooseServerSelectionError: Could not connect to any servers in your MongoDB Atlas cluster. One common reason is that you're trying to access the database from an IP that isn't whitelisted. Make sure your current IP address is on your Atlas cluster's IP whitelist: https://docs.atlas.mongodb.com/security-whitelist/
    at NativeConnection.Connection.openUri (/home/norton/Projetos/meluto/meluto-backend/node_modules/mongoose/lib/connection.js:807:32)
    at /home/norton/Projetos/meluto/meluto-backend/node_modules/mongoose/lib/index.js:340:10
    at /home/norton/Projetos/meluto/meluto-backend/node_modules/mongoose/lib/helpers/promiseOrCallback.js:32:5
    at new Promise (<anonymous>)
    at promiseOrCallback (/home/norton/Projetos/meluto/meluto-backend/node_modules/mongoose/lib/helpers/promiseOrCallback.js:31:10)
    at Mongoose._promiseOrCallback (/home/norton/Projetos/meluto/meluto-backend/node_modules/mongoose/lib/index.js:1140:10)
    at Mongoose.connect (/home/norton/Projetos/meluto/meluto-backend/node_modules/mongoose/lib/index.js:339:20)
    at /home/norton/Projetos/meluto/meluto-backend/src/config/database.ts:22:20
    at Generator.next (<anonymous>)
    at /home/norton/Projetos/meluto/meluto-backend/src/config/database.ts:8:71
[02/Jul 20:00:44.801] (MongooseError) error: Operation `temporaryusers.findOne()` buffering timed out after 10000ms MongooseError: Operation `temporaryusers.findOne()` buffering timed out after 10000ms
    at Timeout.<anonymous> (/home/norton/Projetos/meluto/meluto-backend/node_modules/mongoose/lib/drivers/node-mongodb-native/collection.js:151:23)
    at listOnTimeout (node:internal/timers:559:17)
    at processTimers (node:internal/timers:502:7)
[00/Aug 05:24:03.417] (MongooseServerSelectionError) error: Could not connect to any servers in your MongoDB Atlas cluster. One common reason is that you're trying to access the database from an IP that isn't whitelisted. Make sure your current IP address is on your Atlas cluster's IP whitelist: https://docs.atlas.mongodb.com/security-whitelist/ MongooseServerSelectionError: Could not connect to any servers in your MongoDB Atlas cluster. One common reason is that you're trying to access the database from an IP that isn't whitelisted. Make sure your current IP address is on your Atlas cluster's IP whitelist: https://docs.atlas.mongodb.com/security-whitelist/
    at NativeConnection.Connection.openUri (/home/norton/Projetos/meluto/meluto-backend/node_modules/mongoose/lib/connection.js:807:32)
    at /home/norton/Projetos/meluto/meluto-backend/node_modules/mongoose/lib/index.js:340:10
    at /home/norton/Projetos/meluto/meluto-backend/node_modules/mongoose/lib/helpers/promiseOrCallback.js:32:5
    at new Promise (<anonymous>)
    at promiseOrCallback (/home/norton/Projetos/meluto/meluto-backend/node_modules/mongoose/lib/helpers/promiseOrCallback.js:31:10)
    at Mongoose._promiseOrCallback (/home/norton/Projetos/meluto/meluto-backend/node_modules/mongoose/lib/index.js:1140:10)
    at Mongoose.connect (/home/norton/Projetos/meluto/meluto-backend/node_modules/mongoose/lib/index.js:339:20)
    at /home/norton/Projetos/meluto/meluto-backend/src/config/database.ts:22:20
    at Generator.next (<anonymous>)
    at /home/norton/Projetos/meluto/meluto-backend/src/config/database.ts:8:71
